<?xml version="1.0" encoding="UTF-8"?>
<coverage generated="1757345862382" clover="3.2.0">
  <project timestamp="1757345862382" name="All files">
    <metrics statements="54" coveredstatements="28" conditionals="13" coveredconditionals="7" methods="7" coveredmethods="3" elements="74" coveredelements="38" complexity="0" loc="54" ncloc="54" packages="1" files="1" classes="1"/>
    <file name="index.js" path="C:\Users\84964\OneDrive\Documents\Năm 4 đại học\Dev_environment\Deploy-Web-App-Simulation-FintechApp-MOSIM-\auth-service\index.js">
      <metrics statements="54" coveredstatements="28" conditionals="13" coveredconditionals="7" methods="7" coveredmethods="3"/>
      <line num="1" count="1" type="stmt"/>
      <line num="2" count="1" type="stmt"/>
      <line num="3" count="1" type="stmt"/>
      <line num="4" count="1" type="stmt"/>
      <line num="5" count="1" type="stmt"/>
      <line num="7" count="1" type="stmt"/>
      <line num="10" count="1" type="stmt"/>
      <line num="11" count="4" type="stmt"/>
      <line num="12" count="4" type="stmt"/>
      <line num="14" count="4" type="stmt"/>
      <line num="15" count="4" type="cond" truecount="5" falsecount="0"/>
      <line num="16" count="1" type="stmt"/>
      <line num="20" count="3" type="stmt"/>
      <line num="24" count="2" type="stmt"/>
      <line num="25" count="2" type="cond" truecount="2" falsecount="0"/>
      <line num="26" count="1" type="stmt"/>
      <line num="30" count="1" type="stmt"/>
      <line num="33" count="1" type="stmt"/>
      <line num="38" count="1" type="stmt"/>
      <line num="43" count="1" type="stmt"/>
      <line num="48" count="1" type="stmt"/>
      <line num="49" count="0" type="stmt"/>
      <line num="50" count="0" type="stmt"/>
      <line num="52" count="0" type="stmt"/>
      <line num="54" count="0" type="stmt"/>
      <line num="59" count="0" type="cond" truecount="0" falsecount="2"/>
      <line num="60" count="0" type="stmt"/>
      <line num="63" count="0" type="stmt"/>
      <line num="66" count="0" type="stmt"/>
      <line num="68" count="0" type="cond" truecount="0" falsecount="2"/>
      <line num="69" count="0" type="stmt"/>
      <line num="72" count="0" type="stmt"/>
      <line num="81" count="0" type="stmt"/>
      <line num="86" count="1" type="stmt"/>
      <line num="87" count="0" type="stmt"/>
      <line num="88" count="0" type="stmt"/>
      <line num="89" count="0" type="stmt"/>
      <line num="93" count="0" type="cond" truecount="0" falsecount="2"/>
      <line num="94" count="0" type="stmt"/>
      <line num="98" count="0" type="stmt"/>
      <line num="100" count="0" type="stmt"/>
      <line num="105" count="0" type="stmt"/>
      <line num="110" count="1" type="stmt"/>
      <line num="111" count="0" type="stmt"/>
      <line num="112" count="0" type="stmt"/>
      <line num="113" count="0" type="stmt"/>
      <line num="115" count="0" type="stmt"/>
      <line num="120" count="1" type="stmt"/>
      <line num="122" count="1" type="stmt"/>
      <line num="123" count="1" type="stmt"/>
      <line num="124" count="1" type="stmt"/>
      <line num="128" count="0" type="stmt"/>
      <line num="129" count="0" type="stmt"/>
      <line num="132" count="1" type="stmt"/>
    </file>
  </project>
</coverage>
