{"C:\\Users\\84964\\OneDrive\\Documents\\Năm 4 đại học\\Dev_environment\\Deploy-Web-App-Simulation-FintechApp-MOSIM-\\auth-service\\index.js": {"path":"C:\\Users\\84964\\OneDrive\\Documents\\Năm 4 đại học\\Dev_environment\\Deploy-Web-App-Simulation-FintechApp-MOSIM-\\auth-service\\index.js","statementMap":{"0":{"start":{"line":1,"column":16},"end":{"line":1,"column":34}},"1":{"start":{"line":2,"column":15},"end":{"line":2,"column":32}},"2":{"start":{"line":3,"column":12},"end":{"line":3,"column":21}},"3":{"start":{"line":4,"column":13},"end":{"line":4,"column":28}},"4":{"start":{"line":5,"column":0},"end":{"line":5,"column":27}},"5":{"start":{"line":7,"column":0},"end":{"line":7,"column":24}},"6":{"start":{"line":10,"column":0},"end":{"line":45,"column":3}},"7":{"start":{"line":11,"column":2},"end":{"line":11,"column":42}},"8":{"start":{"line":12,"column":43},"end":{"line":12,"column":51}},"9":{"start":{"line":14,"column":2},"end":{"line":44,"column":3}},"10":{"start":{"line":15,"column":4},"end":{"line":17,"column":1}},"11":{"start":{"line":16,"column":2},"end":{"line":16,"column":70}},"12":{"start":{"line":20,"column":21},"end":{"line":23,"column":5}},"13":{"start":{"line":24,"column":4},"end":{"line":24,"column":48}},"14":{"start":{"line":25,"column":4},"end":{"line":27,"column":5}},"15":{"start":{"line":26,"column":6},"end":{"line":26,"column":75}},"16":{"start":{"line":30,"column":27},"end":{"line":30,"column":58}},"17":{"start":{"line":33,"column":20},"end":{"line":36,"column":5}},"18":{"start":{"line":38,"column":4},"end":{"line":41,"column":7}},"19":{"start":{"line":43,"column":4},"end":{"line":43,"column":38}},"20":{"start":{"line":48,"column":0},"end":{"line":83,"column":3}},"21":{"start":{"line":49,"column":3},"end":{"line":49,"column":43}},"22":{"start":{"line":50,"column":37},"end":{"line":50,"column":45}},"23":{"start":{"line":52,"column":2},"end":{"line":82,"column":3}},"24":{"start":{"line":54,"column":23},"end":{"line":57,"column":5}},"25":{"start":{"line":59,"column":4},"end":{"line":61,"column":5}},"26":{"start":{"line":60,"column":6},"end":{"line":60,"column":82}},"27":{"start":{"line":63,"column":17},"end":{"line":63,"column":35}},"28":{"start":{"line":66,"column":26},"end":{"line":66,"column":71}},"29":{"start":{"line":68,"column":4},"end":{"line":70,"column":5}},"30":{"start":{"line":69,"column":6},"end":{"line":69,"column":82}},"31":{"start":{"line":72,"column":4},"end":{"line":79,"column":7}},"32":{"start":{"line":81,"column":4},"end":{"line":81,"column":38}},"33":{"start":{"line":86,"column":0},"end":{"line":107,"column":3}},"34":{"start":{"line":87,"column":27},"end":{"line":87,"column":35}},"35":{"start":{"line":88,"column":2},"end":{"line":106,"column":3}},"36":{"start":{"line":89,"column":23},"end":{"line":92,"column":5}},"37":{"start":{"line":93,"column":4},"end":{"line":95,"column":5}},"38":{"start":{"line":94,"column":6},"end":{"line":94,"column":78}},"39":{"start":{"line":98,"column":17},"end":{"line":98,"column":35}},"40":{"start":{"line":100,"column":4},"end":{"line":103,"column":7}},"41":{"start":{"line":105,"column":4},"end":{"line":105,"column":66}},"42":{"start":{"line":110,"column":0},"end":{"line":117,"column":3}},"43":{"start":{"line":111,"column":2},"end":{"line":116,"column":3}},"44":{"start":{"line":112,"column":19},"end":{"line":112,"column":51}},"45":{"start":{"line":113,"column":4},"end":{"line":113,"column":29}},"46":{"start":{"line":115,"column":4},"end":{"line":115,"column":49}},"47":{"start":{"line":120,"column":0},"end":{"line":130,"column":5}},"48":{"start":{"line":122,"column":4},"end":{"line":122,"column":49}},"49":{"start":{"line":123,"column":4},"end":{"line":125,"column":7}},"50":{"start":{"line":124,"column":6},"end":{"line":124,"column":57}},"51":{"start":{"line":128,"column":4},"end":{"line":128,"column":63}},"52":{"start":{"line":129,"column":4},"end":{"line":129,"column":20}},"53":{"start":{"line":132,"column":2},"end":{"line":132,"column":22}}},"fnMap":{"0":{"name":"(anonymous_0)","decl":{"start":{"line":10,"column":22},"end":{"line":10,"column":23}},"loc":{"start":{"line":10,"column":42},"end":{"line":45,"column":1}},"line":10},"1":{"name":"(anonymous_1)","decl":{"start":{"line":48,"column":19},"end":{"line":48,"column":20}},"loc":{"start":{"line":48,"column":39},"end":{"line":83,"column":1}},"line":48},"2":{"name":"(anonymous_2)","decl":{"start":{"line":86,"column":26},"end":{"line":86,"column":27}},"loc":{"start":{"line":86,"column":46},"end":{"line":107,"column":1}},"line":86},"3":{"name":"(anonymous_3)","decl":{"start":{"line":110,"column":20},"end":{"line":110,"column":21}},"loc":{"start":{"line":110,"column":40},"end":{"line":117,"column":1}},"line":110},"4":{"name":"(anonymous_4)","decl":{"start":{"line":121,"column":8},"end":{"line":121,"column":9}},"loc":{"start":{"line":121,"column":14},"end":{"line":126,"column":3}},"line":121},"5":{"name":"(anonymous_5)","decl":{"start":{"line":123,"column":21},"end":{"line":123,"column":22}},"loc":{"start":{"line":123,"column":27},"end":{"line":125,"column":5}},"line":123},"6":{"name":"(anonymous_6)","decl":{"start":{"line":127,"column":9},"end":{"line":127,"column":10}},"loc":{"start":{"line":127,"column":18},"end":{"line":130,"column":3}},"line":127}},"branchMap":{"0":{"loc":{"start":{"line":15,"column":4},"end":{"line":17,"column":1}},"type":"if","locations":[{"start":{"line":15,"column":4},"end":{"line":17,"column":1}},{"start":{},"end":{}}],"line":15},"1":{"loc":{"start":{"line":15,"column":8},"end":{"line":15,"column":43}},"type":"binary-expr","locations":[{"start":{"line":15,"column":8},"end":{"line":15,"column":13}},{"start":{"line":15,"column":17},"end":{"line":15,"column":30}},{"start":{"line":15,"column":34},"end":{"line":15,"column":43}}],"line":15},"2":{"loc":{"start":{"line":25,"column":4},"end":{"line":27,"column":5}},"type":"if","locations":[{"start":{"line":25,"column":4},"end":{"line":27,"column":5}},{"start":{},"end":{}}],"line":25},"3":{"loc":{"start":{"line":59,"column":4},"end":{"line":61,"column":5}},"type":"if","locations":[{"start":{"line":59,"column":4},"end":{"line":61,"column":5}},{"start":{},"end":{}}],"line":59},"4":{"loc":{"start":{"line":68,"column":4},"end":{"line":70,"column":5}},"type":"if","locations":[{"start":{"line":68,"column":4},"end":{"line":70,"column":5}},{"start":{},"end":{}}],"line":68},"5":{"loc":{"start":{"line":93,"column":4},"end":{"line":95,"column":5}},"type":"if","locations":[{"start":{"line":93,"column":4},"end":{"line":95,"column":5}},{"start":{},"end":{}}],"line":93}},"s":{"0":1,"1":1,"2":1,"3":1,"4":1,"5":1,"6":1,"7":4,"8":4,"9":4,"10":4,"11":1,"12":3,"13":2,"14":2,"15":1,"16":1,"17":1,"18":1,"19":1,"20":1,"21":0,"22":0,"23":0,"24":0,"25":0,"26":0,"27":0,"28":0,"29":0,"30":0,"31":0,"32":0,"33":1,"34":0,"35":0,"36":0,"37":0,"38":0,"39":0,"40":0,"41":0,"42":1,"43":0,"44":0,"45":0,"46":0,"47":1,"48":1,"49":1,"50":1,"51":0,"52":0,"53":1},"f":{"0":4,"1":0,"2":0,"3":0,"4":1,"5":1,"6":0},"b":{"0":[1,3],"1":[4,4,4],"2":[1,1],"3":[0,0],"4":[0,0],"5":[0,0]},"_coverageSchema":"1a1c01bbd47fc00a2c39e90264f33305004495a9","hash":"25acd2917f4076f75d723b1e9eda02e2ba88c9ee"}
}
