{"C:\\Users\\84964\\OneDrive\\Documents\\Năm 4 đại học\\Dev_environment\\Deploy-Web-App-Simulation-FintechApp-MOSIM-\\auth-service\\app.js": {"path":"C:\\Users\\84964\\OneDrive\\Documents\\Năm 4 đại học\\Dev_environment\\Deploy-Web-App-Simulation-FintechApp-MOSIM-\\auth-service\\app.js","statementMap":{"0":{"start":{"line":1,"column":16},"end":{"line":1,"column":34}},"1":{"start":{"line":2,"column":15},"end":{"line":2,"column":32}},"2":{"start":{"line":3,"column":12},"end":{"line":3,"column":21}},"3":{"start":{"line":4,"column":13},"end":{"line":4,"column":28}},"4":{"start":{"line":5,"column":0},"end":{"line":5,"column":27}},"5":{"start":{"line":7,"column":0},"end":{"line":7,"column":24}},"6":{"start":{"line":10,"column":0},"end":{"line":42,"column":3}},"7":{"start":{"line":11,"column":43},"end":{"line":11,"column":51}},"8":{"start":{"line":12,"column":2},"end":{"line":41,"column":3}},"9":{"start":{"line":13,"column":4},"end":{"line":15,"column":5}},"10":{"start":{"line":14,"column":6},"end":{"line":14,"column":74}},"11":{"start":{"line":18,"column":21},"end":{"line":21,"column":5}},"12":{"start":{"line":22,"column":4},"end":{"line":24,"column":5}},"13":{"start":{"line":23,"column":6},"end":{"line":23,"column":75}},"14":{"start":{"line":27,"column":27},"end":{"line":27,"column":58}},"15":{"start":{"line":30,"column":20},"end":{"line":33,"column":5}},"16":{"start":{"line":35,"column":4},"end":{"line":38,"column":7}},"17":{"start":{"line":40,"column":4},"end":{"line":40,"column":51}},"18":{"start":{"line":45,"column":0},"end":{"line":75,"column":3}},"19":{"start":{"line":46,"column":37},"end":{"line":46,"column":45}},"20":{"start":{"line":47,"column":2},"end":{"line":74,"column":3}},"21":{"start":{"line":49,"column":23},"end":{"line":52,"column":5}},"22":{"start":{"line":53,"column":4},"end":{"line":55,"column":5}},"23":{"start":{"line":54,"column":6},"end":{"line":54,"column":82}},"24":{"start":{"line":57,"column":17},"end":{"line":57,"column":35}},"25":{"start":{"line":58,"column":26},"end":{"line":58,"column":71}},"26":{"start":{"line":60,"column":4},"end":{"line":62,"column":5}},"27":{"start":{"line":61,"column":6},"end":{"line":61,"column":82}},"28":{"start":{"line":64,"column":4},"end":{"line":71,"column":7}},"29":{"start":{"line":73,"column":4},"end":{"line":73,"column":51}},"30":{"start":{"line":78,"column":0},"end":{"line":97,"column":3}},"31":{"start":{"line":79,"column":27},"end":{"line":79,"column":35}},"32":{"start":{"line":80,"column":2},"end":{"line":96,"column":3}},"33":{"start":{"line":81,"column":23},"end":{"line":84,"column":5}},"34":{"start":{"line":85,"column":4},"end":{"line":87,"column":5}},"35":{"start":{"line":86,"column":6},"end":{"line":86,"column":78}},"36":{"start":{"line":89,"column":17},"end":{"line":89,"column":35}},"37":{"start":{"line":90,"column":4},"end":{"line":93,"column":7}},"38":{"start":{"line":95,"column":4},"end":{"line":95,"column":66}},"39":{"start":{"line":100,"column":0},"end":{"line":107,"column":3}},"40":{"start":{"line":101,"column":2},"end":{"line":106,"column":3}},"41":{"start":{"line":102,"column":19},"end":{"line":102,"column":51}},"42":{"start":{"line":103,"column":4},"end":{"line":103,"column":29}},"43":{"start":{"line":105,"column":4},"end":{"line":105,"column":62}},"44":{"start":{"line":109,"column":0},"end":{"line":109,"column":21}}},"fnMap":{"0":{"name":"(anonymous_0)","decl":{"start":{"line":10,"column":22},"end":{"line":10,"column":23}},"loc":{"start":{"line":10,"column":42},"end":{"line":42,"column":1}},"line":10},"1":{"name":"(anonymous_1)","decl":{"start":{"line":45,"column":19},"end":{"line":45,"column":20}},"loc":{"start":{"line":45,"column":39},"end":{"line":75,"column":1}},"line":45},"2":{"name":"(anonymous_2)","decl":{"start":{"line":78,"column":26},"end":{"line":78,"column":27}},"loc":{"start":{"line":78,"column":46},"end":{"line":97,"column":1}},"line":78},"3":{"name":"(anonymous_3)","decl":{"start":{"line":100,"column":20},"end":{"line":100,"column":21}},"loc":{"start":{"line":100,"column":40},"end":{"line":107,"column":1}},"line":100}},"branchMap":{"0":{"loc":{"start":{"line":13,"column":4},"end":{"line":15,"column":5}},"type":"if","locations":[{"start":{"line":13,"column":4},"end":{"line":15,"column":5}},{"start":{},"end":{}}],"line":13},"1":{"loc":{"start":{"line":13,"column":8},"end":{"line":13,"column":43}},"type":"binary-expr","locations":[{"start":{"line":13,"column":8},"end":{"line":13,"column":13}},{"start":{"line":13,"column":17},"end":{"line":13,"column":30}},{"start":{"line":13,"column":34},"end":{"line":13,"column":43}}],"line":13},"2":{"loc":{"start":{"line":22,"column":4},"end":{"line":24,"column":5}},"type":"if","locations":[{"start":{"line":22,"column":4},"end":{"line":24,"column":5}},{"start":{},"end":{}}],"line":22},"3":{"loc":{"start":{"line":53,"column":4},"end":{"line":55,"column":5}},"type":"if","locations":[{"start":{"line":53,"column":4},"end":{"line":55,"column":5}},{"start":{},"end":{}}],"line":53},"4":{"loc":{"start":{"line":60,"column":4},"end":{"line":62,"column":5}},"type":"if","locations":[{"start":{"line":60,"column":4},"end":{"line":62,"column":5}},{"start":{},"end":{}}],"line":60},"5":{"loc":{"start":{"line":85,"column":4},"end":{"line":87,"column":5}},"type":"if","locations":[{"start":{"line":85,"column":4},"end":{"line":87,"column":5}},{"start":{},"end":{}}],"line":85}},"s":{"0":1,"1":1,"2":1,"3":1,"4":1,"5":1,"6":1,"7":3,"8":3,"9":3,"10":1,"11":2,"12":2,"13":1,"14":1,"15":1,"16":1,"17":0,"18":1,"19":0,"20":0,"21":0,"22":0,"23":0,"24":0,"25":0,"26":0,"27":0,"28":0,"29":0,"30":1,"31":0,"32":0,"33":0,"34":0,"35":0,"36":0,"37":0,"38":0,"39":1,"40":1,"41":1,"42":0,"43":1,"44":1},"f":{"0":3,"1":0,"2":0,"3":1},"b":{"0":[1,2],"1":[3,3,3],"2":[1,1],"3":[0,0],"4":[0,0],"5":[0,0]},"_coverageSchema":"1a1c01bbd47fc00a2c39e90264f33305004495a9","hash":"10a2016f2f2b218ea34b80e31907cf4357c314ca"}
}
