TN:
SF:index.js
FN:10,(anonymous_0)
FN:48,(anonymous_1)
FN:86,(anonymous_2)
FN:110,(anonymous_3)
FN:121,(anonymous_4)
FN:123,(anonymous_5)
FN:127,(anonymous_6)
FNF:7
FNH:3
FNDA:4,(anonymous_0)
FNDA:0,(anonymous_1)
FNDA:0,(anonymous_2)
FNDA:0,(anonymous_3)
FNDA:1,(anonymous_4)
FNDA:1,(anonymous_5)
FNDA:0,(anonymous_6)
DA:1,1
DA:2,1
DA:3,1
DA:4,1
DA:5,1
DA:7,1
DA:10,1
DA:11,4
DA:12,4
DA:14,4
DA:15,4
DA:16,1
DA:20,3
DA:24,2
DA:25,2
DA:26,1
DA:30,1
DA:33,1
DA:38,1
DA:43,1
DA:48,1
DA:49,0
DA:50,0
DA:52,0
DA:54,0
DA:59,0
DA:60,0
DA:63,0
DA:66,0
DA:68,0
DA:69,0
DA:72,0
DA:81,0
DA:86,1
DA:87,0
DA:88,0
DA:89,0
DA:93,0
DA:94,0
DA:98,0
DA:100,0
DA:105,0
DA:110,1
DA:111,0
DA:112,0
DA:113,0
DA:115,0
DA:120,1
DA:122,1
DA:123,1
DA:124,1
DA:128,0
DA:129,0
DA:132,1
LF:54
LH:28
BRDA:15,0,0,1
BRDA:15,0,1,3
BRDA:15,1,0,4
BRDA:15,1,1,4
BRDA:15,1,2,4
BRDA:25,2,0,1
BRDA:25,2,1,1
BRDA:59,3,0,0
BRDA:59,3,1,0
BRDA:68,4,0,0
BRDA:68,4,1,0
BRDA:93,5,0,0
BRDA:93,5,1,0
BRF:13
BRH:7
end_of_record
