{"C:\\Users\\84964\\OneDrive\\Documents\\Năm 4 đại học\\Dev_environment\\Deploy-Web-App-Simulation-FintechApp-MOSIM-\\api-gateway\\API_Gateway.js": {"path":"C:\\Users\\84964\\OneDrive\\Documents\\Năm 4 đại học\\Dev_environment\\Deploy-Web-App-Simulation-FintechApp-MOSIM-\\api-gateway\\API_Gateway.js","statementMap":{"0":{"start":{"line":1,"column":13},"end":{"line":1,"column":28}},"1":{"start":{"line":2,"column":15},"end":{"line":2,"column":32}},"2":{"start":{"line":3,"column":13},"end":{"line":3,"column":28}},"3":{"start":{"line":4,"column":16},"end":{"line":4,"column":34}},"4":{"start":{"line":5,"column":14},"end":{"line":5,"column":30}},"5":{"start":{"line":6,"column":12},"end":{"line":6,"column":21}},"6":{"start":{"line":9,"column":0},"end":{"line":9,"column":60}},"7":{"start":{"line":11,"column":0},"end":{"line":19,"column":1}},"8":{"start":{"line":12,"column":2},"end":{"line":12,"column":68}},"9":{"start":{"line":13,"column":2},"end":{"line":13,"column":34}},"10":{"start":{"line":14,"column":7},"end":{"line":19,"column":1}},"11":{"start":{"line":15,"column":2},"end":{"line":15,"column":69}},"12":{"start":{"line":16,"column":2},"end":{"line":16,"column":35}},"13":{"start":{"line":18,"column":2},"end":{"line":18,"column":37}},"14":{"start":{"line":22,"column":25},"end":{"line":22,"column":53}},"15":{"start":{"line":23,"column":25},"end":{"line":23,"column":83}},"16":{"start":{"line":24,"column":27},"end":{"line":24,"column":89}},"17":{"start":{"line":25,"column":28},"end":{"line":25,"column":92}},"18":{"start":{"line":26,"column":32},"end":{"line":26,"column":104}},"19":{"start":{"line":28,"column":0},"end":{"line":32,"column":4}},"20":{"start":{"line":34,"column":0},"end":{"line":34,"column":48}},"21":{"start":{"line":35,"column":0},"end":{"line":35,"column":24}},"22":{"start":{"line":36,"column":0},"end":{"line":36,"column":62}},"23":{"start":{"line":39,"column":0},"end":{"line":62,"column":3}},"24":{"start":{"line":40,"column":57},"end":{"line":40,"column":65}},"25":{"start":{"line":42,"column":2},"end":{"line":44,"column":3}},"26":{"start":{"line":43,"column":4},"end":{"line":43,"column":55}},"27":{"start":{"line":46,"column":2},"end":{"line":61,"column":3}},"28":{"start":{"line":47,"column":4},"end":{"line":51,"column":7}},"29":{"start":{"line":53,"column":21},"end":{"line":53,"column":53}},"30":{"start":{"line":54,"column":4},"end":{"line":54,"column":27}},"31":{"start":{"line":56,"column":4},"end":{"line":60,"column":5}},"32":{"start":{"line":57,"column":6},"end":{"line":57,"column":95}},"33":{"start":{"line":59,"column":6},"end":{"line":59,"column":48}},"34":{"start":{"line":65,"column":0},"end":{"line":89,"column":3}},"35":{"start":{"line":66,"column":37},"end":{"line":66,"column":45}},"36":{"start":{"line":68,"column":2},"end":{"line":88,"column":3}},"37":{"start":{"line":69,"column":21},"end":{"line":72,"column":6}},"38":{"start":{"line":74,"column":42},"end":{"line":74,"column":60}},"39":{"start":{"line":77,"column":25},"end":{"line":77,"column":129}},"40":{"start":{"line":78,"column":4},"end":{"line":78,"column":31}},"41":{"start":{"line":81,"column":4},"end":{"line":87,"column":5}},"42":{"start":{"line":82,"column":6},"end":{"line":82,"column":75}},"43":{"start":{"line":83,"column":11},"end":{"line":87,"column":5}},"44":{"start":{"line":84,"column":6},"end":{"line":84,"column":78}},"45":{"start":{"line":86,"column":6},"end":{"line":86,"column":78}},"46":{"start":{"line":93,"column":0},"end":{"line":113,"column":3}},"47":{"start":{"line":94,"column":45},"end":{"line":94,"column":53}},"48":{"start":{"line":96,"column":2},"end":{"line":112,"column":3}},"49":{"start":{"line":97,"column":21},"end":{"line":101,"column":6}},"50":{"start":{"line":103,"column":24},"end":{"line":103,"column":37}},"51":{"start":{"line":104,"column":4},"end":{"line":104,"column":58}},"52":{"start":{"line":106,"column":4},"end":{"line":106,"column":48}},"53":{"start":{"line":107,"column":4},"end":{"line":111,"column":5}},"54":{"start":{"line":108,"column":6},"end":{"line":108,"column":75}},"55":{"start":{"line":110,"column":6},"end":{"line":110,"column":80}},"56":{"start":{"line":116,"column":0},"end":{"line":130,"column":3}},"57":{"start":{"line":117,"column":37},"end":{"line":117,"column":45}},"58":{"start":{"line":119,"column":2},"end":{"line":129,"column":3}},"59":{"start":{"line":120,"column":21},"end":{"line":123,"column":6}},"60":{"start":{"line":125,"column":4},"end":{"line":125,"column":28}},"61":{"start":{"line":127,"column":4},"end":{"line":127,"column":57}},"62":{"start":{"line":128,"column":4},"end":{"line":128,"column":77}},"63":{"start":{"line":132,"column":0},"end":{"line":147,"column":3}},"64":{"start":{"line":133,"column":69},"end":{"line":133,"column":77}},"65":{"start":{"line":134,"column":2},"end":{"line":146,"column":3}},"66":{"start":{"line":135,"column":21},"end":{"line":141,"column":6}},"67":{"start":{"line":142,"column":4},"end":{"line":142,"column":28}},"68":{"start":{"line":144,"column":4},"end":{"line":144,"column":58}},"69":{"start":{"line":145,"column":4},"end":{"line":145,"column":80}},"70":{"start":{"line":150,"column":0},"end":{"line":167,"column":3}},"71":{"start":{"line":151,"column":37},"end":{"line":151,"column":45}},"72":{"start":{"line":152,"column":2},"end":{"line":166,"column":3}},"73":{"start":{"line":153,"column":52},"end":{"line":157,"column":6}},"74":{"start":{"line":156,"column":21},"end":{"line":156,"column":33}},"75":{"start":{"line":159,"column":28},"end":{"line":159,"column":83}},"76":{"start":{"line":160,"column":4},"end":{"line":160,"column":96}},"77":{"start":{"line":160,"column":35},"end":{"line":160,"column":94}},"78":{"start":{"line":161,"column":4},"end":{"line":161,"column":30}},"79":{"start":{"line":164,"column":4},"end":{"line":164,"column":55}},"80":{"start":{"line":165,"column":4},"end":{"line":165,"column":70}},"81":{"start":{"line":170,"column":0},"end":{"line":182,"column":3}},"82":{"start":{"line":171,"column":27},"end":{"line":171,"column":35}},"83":{"start":{"line":172,"column":2},"end":{"line":181,"column":3}},"84":{"start":{"line":173,"column":21},"end":{"line":175,"column":6}},"85":{"start":{"line":176,"column":4},"end":{"line":176,"column":28}},"86":{"start":{"line":179,"column":4},"end":{"line":179,"column":55}},"87":{"start":{"line":180,"column":4},"end":{"line":180,"column":85}},"88":{"start":{"line":185,"column":0},"end":{"line":201,"column":3}},"89":{"start":{"line":186,"column":99},"end":{"line":186,"column":107}},"90":{"start":{"line":187,"column":2},"end":{"line":200,"column":3}},"91":{"start":{"line":188,"column":21},"end":{"line":195,"column":6}},"92":{"start":{"line":196,"column":4},"end":{"line":196,"column":28}},"93":{"start":{"line":198,"column":4},"end":{"line":198,"column":58}},"94":{"start":{"line":199,"column":4},"end":{"line":199,"column":79}},"95":{"start":{"line":203,"column":0},"end":{"line":203,"column":21}}},"fnMap":{"0":{"name":"(anonymous_0)","decl":{"start":{"line":39,"column":22},"end":{"line":39,"column":23}},"loc":{"start":{"line":39,"column":42},"end":{"line":62,"column":1}},"line":39},"1":{"name":"(anonymous_1)","decl":{"start":{"line":65,"column":19},"end":{"line":65,"column":20}},"loc":{"start":{"line":65,"column":39},"end":{"line":89,"column":1}},"line":65},"2":{"name":"(anonymous_2)","decl":{"start":{"line":93,"column":25},"end":{"line":93,"column":26}},"loc":{"start":{"line":93,"column":45},"end":{"line":113,"column":1}},"line":93},"3":{"name":"(anonymous_3)","decl":{"start":{"line":116,"column":29},"end":{"line":116,"column":30}},"loc":{"start":{"line":116,"column":49},"end":{"line":130,"column":1}},"line":116},"4":{"name":"(anonymous_4)","decl":{"start":{"line":132,"column":29},"end":{"line":132,"column":30}},"loc":{"start":{"line":132,"column":49},"end":{"line":147,"column":1}},"line":132},"5":{"name":"(anonymous_5)","decl":{"start":{"line":150,"column":38},"end":{"line":150,"column":39}},"loc":{"start":{"line":150,"column":58},"end":{"line":167,"column":1}},"line":150},"6":{"name":"(anonymous_6)","decl":{"start":{"line":156,"column":15},"end":{"line":156,"column":16}},"loc":{"start":{"line":156,"column":21},"end":{"line":156,"column":33}},"line":156},"7":{"name":"(anonymous_7)","decl":{"start":{"line":160,"column":25},"end":{"line":160,"column":26}},"loc":{"start":{"line":160,"column":35},"end":{"line":160,"column":94}},"line":160},"8":{"name":"(anonymous_8)","decl":{"start":{"line":170,"column":30},"end":{"line":170,"column":31}},"loc":{"start":{"line":170,"column":50},"end":{"line":182,"column":1}},"line":170},"9":{"name":"(anonymous_9)","decl":{"start":{"line":185,"column":26},"end":{"line":185,"column":27}},"loc":{"start":{"line":185,"column":46},"end":{"line":201,"column":1}},"line":185}},"branchMap":{"0":{"loc":{"start":{"line":11,"column":0},"end":{"line":19,"column":1}},"type":"if","locations":[{"start":{"line":11,"column":0},"end":{"line":19,"column":1}},{"start":{"line":14,"column":7},"end":{"line":19,"column":1}}],"line":11},"1":{"loc":{"start":{"line":14,"column":7},"end":{"line":19,"column":1}},"type":"if","locations":[{"start":{"line":14,"column":7},"end":{"line":19,"column":1}},{"start":{"line":17,"column":7},"end":{"line":19,"column":1}}],"line":14},"2":{"loc":{"start":{"line":23,"column":25},"end":{"line":23,"column":83}},"type":"binary-expr","locations":[{"start":{"line":23,"column":25},"end":{"line":23,"column":53}},{"start":{"line":23,"column":57},"end":{"line":23,"column":83}}],"line":23},"3":{"loc":{"start":{"line":24,"column":27},"end":{"line":24,"column":89}},"type":"binary-expr","locations":[{"start":{"line":24,"column":27},"end":{"line":24,"column":57}},{"start":{"line":24,"column":61},"end":{"line":24,"column":89}}],"line":24},"4":{"loc":{"start":{"line":25,"column":28},"end":{"line":25,"column":92}},"type":"binary-expr","locations":[{"start":{"line":25,"column":28},"end":{"line":25,"column":59}},{"start":{"line":25,"column":63},"end":{"line":25,"column":92}}],"line":25},"5":{"loc":{"start":{"line":26,"column":32},"end":{"line":26,"column":104}},"type":"binary-expr","locations":[{"start":{"line":26,"column":32},"end":{"line":26,"column":67}},{"start":{"line":26,"column":71},"end":{"line":26,"column":104}}],"line":26},"6":{"loc":{"start":{"line":42,"column":2},"end":{"line":44,"column":3}},"type":"if","locations":[{"start":{"line":42,"column":2},"end":{"line":44,"column":3}},{"start":{},"end":{}}],"line":42},"7":{"loc":{"start":{"line":56,"column":4},"end":{"line":60,"column":5}},"type":"if","locations":[{"start":{"line":56,"column":4},"end":{"line":60,"column":5}},{"start":{"line":58,"column":11},"end":{"line":60,"column":5}}],"line":56},"8":{"loc":{"start":{"line":57,"column":43},"end":{"line":57,"column":93}},"type":"binary-expr","locations":[{"start":{"line":57,"column":43},"end":{"line":57,"column":68}},{"start":{"line":57,"column":72},"end":{"line":57,"column":93}}],"line":57},"9":{"loc":{"start":{"line":81,"column":4},"end":{"line":87,"column":5}},"type":"if","locations":[{"start":{"line":81,"column":4},"end":{"line":87,"column":5}},{"start":{"line":83,"column":11},"end":{"line":87,"column":5}}],"line":81},"10":{"loc":{"start":{"line":83,"column":11},"end":{"line":87,"column":5}},"type":"if","locations":[{"start":{"line":83,"column":11},"end":{"line":87,"column":5}},{"start":{"line":85,"column":11},"end":{"line":87,"column":5}}],"line":83},"11":{"loc":{"start":{"line":107,"column":4},"end":{"line":111,"column":5}},"type":"if","locations":[{"start":{"line":107,"column":4},"end":{"line":111,"column":5}},{"start":{"line":109,"column":11},"end":{"line":111,"column":5}}],"line":107}},"s":{"0":1,"1":1,"2":1,"3":1,"4":1,"5":1,"6":1,"7":1,"8":0,"9":0,"10":1,"11":0,"12":0,"13":1,"14":1,"15":1,"16":1,"17":1,"18":1,"19":1,"20":1,"21":1,"22":1,"23":1,"24":2,"25":2,"26":1,"27":1,"28":1,"29":1,"30":1,"31":0,"32":0,"33":0,"34":1,"35":1,"36":1,"37":1,"38":1,"39":1,"40":1,"41":0,"42":0,"43":0,"44":0,"45":0,"46":1,"47":1,"48":1,"49":1,"50":1,"51":1,"52":0,"53":0,"54":0,"55":0,"56":1,"57":1,"58":1,"59":1,"60":1,"61":0,"62":0,"63":1,"64":0,"65":0,"66":0,"67":0,"68":0,"69":0,"70":1,"71":0,"72":0,"73":0,"74":0,"75":0,"76":0,"77":0,"78":0,"79":0,"80":0,"81":1,"82":0,"83":0,"84":0,"85":0,"86":0,"87":0,"88":1,"89":0,"90":0,"91":0,"92":0,"93":0,"94":0,"95":1},"f":{"0":2,"1":1,"2":1,"3":1,"4":0,"5":0,"6":0,"7":0,"8":0,"9":0},"b":{"0":[0,1],"1":[0,1],"2":[1,0],"3":[1,0],"4":[1,0],"5":[1,0],"6":[1,1],"7":[0,0],"8":[0,0],"9":[0,0],"10":[0,0],"11":[0,0]},"_coverageSchema":"1a1c01bbd47fc00a2c39e90264f33305004495a9","hash":"fdd1a5fd47b2b4d0d15c9e2012eb062ec34bad87"}
}
