{"C:\\Users\\84964\\OneDrive\\Documents\\Năm 4 đại học\\Dev_environment\\Deploy-Web-App-Simulation-FintechApp-MOSIM-\\api-gateway\\API_Gateway.js": {"path":"C:\\Users\\84964\\OneDrive\\Documents\\Năm 4 đại học\\Dev_environment\\Deploy-Web-App-Simulation-FintechApp-MOSIM-\\api-gateway\\API_Gateway.js","statementMap":{"0":{"start":{"line":1,"column":13},"end":{"line":1,"column":28}},"1":{"start":{"line":2,"column":15},"end":{"line":2,"column":32}},"2":{"start":{"line":3,"column":13},"end":{"line":3,"column":28}},"3":{"start":{"line":4,"column":16},"end":{"line":4,"column":34}},"4":{"start":{"line":5,"column":14},"end":{"line":5,"column":30}},"5":{"start":{"line":6,"column":12},"end":{"line":6,"column":21}},"6":{"start":{"line":9,"column":0},"end":{"line":9,"column":60}},"7":{"start":{"line":11,"column":0},"end":{"line":19,"column":1}},"8":{"start":{"line":12,"column":2},"end":{"line":12,"column":68}},"9":{"start":{"line":13,"column":2},"end":{"line":13,"column":34}},"10":{"start":{"line":14,"column":7},"end":{"line":19,"column":1}},"11":{"start":{"line":15,"column":2},"end":{"line":15,"column":69}},"12":{"start":{"line":16,"column":2},"end":{"line":16,"column":35}},"13":{"start":{"line":18,"column":2},"end":{"line":18,"column":37}},"14":{"start":{"line":22,"column":25},"end":{"line":22,"column":53}},"15":{"start":{"line":24,"column":0},"end":{"line":24,"column":57}},"16":{"start":{"line":26,"column":25},"end":{"line":26,"column":83}},"17":{"start":{"line":27,"column":27},"end":{"line":27,"column":89}},"18":{"start":{"line":28,"column":28},"end":{"line":28,"column":92}},"19":{"start":{"line":29,"column":32},"end":{"line":29,"column":104}},"20":{"start":{"line":32,"column":0},"end":{"line":36,"column":4}},"21":{"start":{"line":39,"column":0},"end":{"line":39,"column":48}},"22":{"start":{"line":40,"column":0},"end":{"line":40,"column":24}},"23":{"start":{"line":41,"column":0},"end":{"line":41,"column":62}},"24":{"start":{"line":44,"column":0},"end":{"line":67,"column":3}},"25":{"start":{"line":45,"column":57},"end":{"line":45,"column":65}},"26":{"start":{"line":47,"column":2},"end":{"line":49,"column":3}},"27":{"start":{"line":48,"column":4},"end":{"line":48,"column":55}},"28":{"start":{"line":51,"column":2},"end":{"line":66,"column":3}},"29":{"start":{"line":52,"column":4},"end":{"line":56,"column":7}},"30":{"start":{"line":58,"column":21},"end":{"line":58,"column":53}},"31":{"start":{"line":59,"column":4},"end":{"line":59,"column":27}},"32":{"start":{"line":61,"column":4},"end":{"line":65,"column":5}},"33":{"start":{"line":62,"column":6},"end":{"line":62,"column":95}},"34":{"start":{"line":64,"column":6},"end":{"line":64,"column":48}},"35":{"start":{"line":70,"column":0},"end":{"line":94,"column":3}},"36":{"start":{"line":71,"column":37},"end":{"line":71,"column":45}},"37":{"start":{"line":73,"column":2},"end":{"line":93,"column":3}},"38":{"start":{"line":74,"column":21},"end":{"line":77,"column":6}},"39":{"start":{"line":79,"column":42},"end":{"line":79,"column":60}},"40":{"start":{"line":82,"column":25},"end":{"line":82,"column":129}},"41":{"start":{"line":83,"column":4},"end":{"line":83,"column":31}},"42":{"start":{"line":86,"column":4},"end":{"line":92,"column":5}},"43":{"start":{"line":87,"column":6},"end":{"line":87,"column":75}},"44":{"start":{"line":88,"column":11},"end":{"line":92,"column":5}},"45":{"start":{"line":89,"column":6},"end":{"line":89,"column":78}},"46":{"start":{"line":91,"column":6},"end":{"line":91,"column":78}},"47":{"start":{"line":98,"column":0},"end":{"line":118,"column":3}},"48":{"start":{"line":99,"column":45},"end":{"line":99,"column":53}},"49":{"start":{"line":101,"column":2},"end":{"line":117,"column":3}},"50":{"start":{"line":102,"column":21},"end":{"line":106,"column":6}},"51":{"start":{"line":108,"column":24},"end":{"line":108,"column":37}},"52":{"start":{"line":109,"column":4},"end":{"line":109,"column":58}},"53":{"start":{"line":111,"column":4},"end":{"line":111,"column":48}},"54":{"start":{"line":112,"column":4},"end":{"line":116,"column":5}},"55":{"start":{"line":113,"column":6},"end":{"line":113,"column":75}},"56":{"start":{"line":115,"column":6},"end":{"line":115,"column":80}},"57":{"start":{"line":121,"column":0},"end":{"line":135,"column":3}},"58":{"start":{"line":122,"column":37},"end":{"line":122,"column":45}},"59":{"start":{"line":124,"column":2},"end":{"line":134,"column":3}},"60":{"start":{"line":125,"column":21},"end":{"line":128,"column":6}},"61":{"start":{"line":130,"column":4},"end":{"line":130,"column":28}},"62":{"start":{"line":132,"column":4},"end":{"line":132,"column":57}},"63":{"start":{"line":133,"column":4},"end":{"line":133,"column":77}},"64":{"start":{"line":138,"column":0},"end":{"line":153,"column":3}},"65":{"start":{"line":139,"column":69},"end":{"line":139,"column":77}},"66":{"start":{"line":140,"column":2},"end":{"line":152,"column":3}},"67":{"start":{"line":141,"column":21},"end":{"line":147,"column":6}},"68":{"start":{"line":148,"column":4},"end":{"line":148,"column":28}},"69":{"start":{"line":150,"column":4},"end":{"line":150,"column":58}},"70":{"start":{"line":151,"column":4},"end":{"line":151,"column":80}},"71":{"start":{"line":156,"column":0},"end":{"line":173,"column":3}},"72":{"start":{"line":157,"column":37},"end":{"line":157,"column":45}},"73":{"start":{"line":158,"column":2},"end":{"line":172,"column":3}},"74":{"start":{"line":159,"column":52},"end":{"line":163,"column":6}},"75":{"start":{"line":162,"column":21},"end":{"line":162,"column":33}},"76":{"start":{"line":165,"column":28},"end":{"line":165,"column":83}},"77":{"start":{"line":166,"column":4},"end":{"line":166,"column":96}},"78":{"start":{"line":166,"column":35},"end":{"line":166,"column":94}},"79":{"start":{"line":167,"column":4},"end":{"line":167,"column":30}},"80":{"start":{"line":170,"column":4},"end":{"line":170,"column":55}},"81":{"start":{"line":171,"column":4},"end":{"line":171,"column":70}},"82":{"start":{"line":176,"column":0},"end":{"line":188,"column":3}},"83":{"start":{"line":177,"column":27},"end":{"line":177,"column":35}},"84":{"start":{"line":178,"column":2},"end":{"line":187,"column":3}},"85":{"start":{"line":179,"column":21},"end":{"line":181,"column":6}},"86":{"start":{"line":182,"column":4},"end":{"line":182,"column":28}},"87":{"start":{"line":185,"column":4},"end":{"line":185,"column":55}},"88":{"start":{"line":186,"column":4},"end":{"line":186,"column":85}},"89":{"start":{"line":191,"column":0},"end":{"line":207,"column":3}},"90":{"start":{"line":192,"column":99},"end":{"line":192,"column":107}},"91":{"start":{"line":193,"column":2},"end":{"line":206,"column":3}},"92":{"start":{"line":194,"column":21},"end":{"line":201,"column":6}},"93":{"start":{"line":202,"column":4},"end":{"line":202,"column":28}},"94":{"start":{"line":204,"column":4},"end":{"line":204,"column":58}},"95":{"start":{"line":205,"column":4},"end":{"line":205,"column":79}},"96":{"start":{"line":211,"column":0},"end":{"line":211,"column":21}}},"fnMap":{"0":{"name":"(anonymous_0)","decl":{"start":{"line":44,"column":22},"end":{"line":44,"column":23}},"loc":{"start":{"line":44,"column":42},"end":{"line":67,"column":1}},"line":44},"1":{"name":"(anonymous_1)","decl":{"start":{"line":70,"column":19},"end":{"line":70,"column":20}},"loc":{"start":{"line":70,"column":39},"end":{"line":94,"column":1}},"line":70},"2":{"name":"(anonymous_2)","decl":{"start":{"line":98,"column":25},"end":{"line":98,"column":26}},"loc":{"start":{"line":98,"column":45},"end":{"line":118,"column":1}},"line":98},"3":{"name":"(anonymous_3)","decl":{"start":{"line":121,"column":29},"end":{"line":121,"column":30}},"loc":{"start":{"line":121,"column":49},"end":{"line":135,"column":1}},"line":121},"4":{"name":"(anonymous_4)","decl":{"start":{"line":138,"column":29},"end":{"line":138,"column":30}},"loc":{"start":{"line":138,"column":49},"end":{"line":153,"column":1}},"line":138},"5":{"name":"(anonymous_5)","decl":{"start":{"line":156,"column":38},"end":{"line":156,"column":39}},"loc":{"start":{"line":156,"column":58},"end":{"line":173,"column":1}},"line":156},"6":{"name":"(anonymous_6)","decl":{"start":{"line":162,"column":15},"end":{"line":162,"column":16}},"loc":{"start":{"line":162,"column":21},"end":{"line":162,"column":33}},"line":162},"7":{"name":"(anonymous_7)","decl":{"start":{"line":166,"column":25},"end":{"line":166,"column":26}},"loc":{"start":{"line":166,"column":35},"end":{"line":166,"column":94}},"line":166},"8":{"name":"(anonymous_8)","decl":{"start":{"line":176,"column":30},"end":{"line":176,"column":31}},"loc":{"start":{"line":176,"column":50},"end":{"line":188,"column":1}},"line":176},"9":{"name":"(anonymous_9)","decl":{"start":{"line":191,"column":26},"end":{"line":191,"column":27}},"loc":{"start":{"line":191,"column":46},"end":{"line":207,"column":1}},"line":191}},"branchMap":{"0":{"loc":{"start":{"line":11,"column":0},"end":{"line":19,"column":1}},"type":"if","locations":[{"start":{"line":11,"column":0},"end":{"line":19,"column":1}},{"start":{"line":14,"column":7},"end":{"line":19,"column":1}}],"line":11},"1":{"loc":{"start":{"line":14,"column":7},"end":{"line":19,"column":1}},"type":"if","locations":[{"start":{"line":14,"column":7},"end":{"line":19,"column":1}},{"start":{"line":17,"column":7},"end":{"line":19,"column":1}}],"line":14},"2":{"loc":{"start":{"line":26,"column":25},"end":{"line":26,"column":83}},"type":"binary-expr","locations":[{"start":{"line":26,"column":25},"end":{"line":26,"column":53}},{"start":{"line":26,"column":57},"end":{"line":26,"column":83}}],"line":26},"3":{"loc":{"start":{"line":27,"column":27},"end":{"line":27,"column":89}},"type":"binary-expr","locations":[{"start":{"line":27,"column":27},"end":{"line":27,"column":57}},{"start":{"line":27,"column":61},"end":{"line":27,"column":89}}],"line":27},"4":{"loc":{"start":{"line":28,"column":28},"end":{"line":28,"column":92}},"type":"binary-expr","locations":[{"start":{"line":28,"column":28},"end":{"line":28,"column":59}},{"start":{"line":28,"column":63},"end":{"line":28,"column":92}}],"line":28},"5":{"loc":{"start":{"line":29,"column":32},"end":{"line":29,"column":104}},"type":"binary-expr","locations":[{"start":{"line":29,"column":32},"end":{"line":29,"column":67}},{"start":{"line":29,"column":71},"end":{"line":29,"column":104}}],"line":29},"6":{"loc":{"start":{"line":47,"column":2},"end":{"line":49,"column":3}},"type":"if","locations":[{"start":{"line":47,"column":2},"end":{"line":49,"column":3}},{"start":{},"end":{}}],"line":47},"7":{"loc":{"start":{"line":61,"column":4},"end":{"line":65,"column":5}},"type":"if","locations":[{"start":{"line":61,"column":4},"end":{"line":65,"column":5}},{"start":{"line":63,"column":11},"end":{"line":65,"column":5}}],"line":61},"8":{"loc":{"start":{"line":62,"column":43},"end":{"line":62,"column":93}},"type":"binary-expr","locations":[{"start":{"line":62,"column":43},"end":{"line":62,"column":68}},{"start":{"line":62,"column":72},"end":{"line":62,"column":93}}],"line":62},"9":{"loc":{"start":{"line":86,"column":4},"end":{"line":92,"column":5}},"type":"if","locations":[{"start":{"line":86,"column":4},"end":{"line":92,"column":5}},{"start":{"line":88,"column":11},"end":{"line":92,"column":5}}],"line":86},"10":{"loc":{"start":{"line":88,"column":11},"end":{"line":92,"column":5}},"type":"if","locations":[{"start":{"line":88,"column":11},"end":{"line":92,"column":5}},{"start":{"line":90,"column":11},"end":{"line":92,"column":5}}],"line":88},"11":{"loc":{"start":{"line":112,"column":4},"end":{"line":116,"column":5}},"type":"if","locations":[{"start":{"line":112,"column":4},"end":{"line":116,"column":5}},{"start":{"line":114,"column":11},"end":{"line":116,"column":5}}],"line":112}},"s":{"0":1,"1":1,"2":1,"3":1,"4":1,"5":1,"6":1,"7":1,"8":0,"9":0,"10":1,"11":0,"12":0,"13":1,"14":1,"15":1,"16":1,"17":1,"18":1,"19":1,"20":1,"21":1,"22":1,"23":1,"24":1,"25":2,"26":2,"27":1,"28":1,"29":1,"30":1,"31":1,"32":0,"33":0,"34":0,"35":1,"36":1,"37":1,"38":1,"39":1,"40":1,"41":1,"42":0,"43":0,"44":0,"45":0,"46":0,"47":1,"48":1,"49":1,"50":1,"51":1,"52":1,"53":0,"54":0,"55":0,"56":0,"57":1,"58":1,"59":1,"60":1,"61":1,"62":0,"63":0,"64":1,"65":0,"66":0,"67":0,"68":0,"69":0,"70":0,"71":1,"72":0,"73":0,"74":0,"75":0,"76":0,"77":0,"78":0,"79":0,"80":0,"81":0,"82":1,"83":0,"84":0,"85":0,"86":0,"87":0,"88":0,"89":1,"90":0,"91":0,"92":0,"93":0,"94":0,"95":0,"96":1},"f":{"0":2,"1":1,"2":1,"3":1,"4":0,"5":0,"6":0,"7":0,"8":0,"9":0},"b":{"0":[0,1],"1":[0,1],"2":[1,0],"3":[1,0],"4":[1,0],"5":[1,0],"6":[1,1],"7":[0,0],"8":[0,0],"9":[0,0],"10":[0,0],"11":[0,0]},"_coverageSchema":"1a1c01bbd47fc00a2c39e90264f33305004495a9","hash":"f15ce7d571517aab15d37e83423b637b068b4531"}
}
