TN:
SF:API_Gateway.js
FN:44,(anonymous_0)
FN:70,(anonymous_1)
FN:98,(anonymous_2)
FN:121,(anonymous_3)
FN:138,(anonymous_4)
FN:156,(anonymous_5)
FN:162,(anonymous_6)
FN:166,(anonymous_7)
FN:176,(anonymous_8)
FN:191,(anonymous_9)
FNF:10
FNH:4
FNDA:2,(anonymous_0)
FNDA:1,(anonymous_1)
FNDA:1,(anonymous_2)
FNDA:1,(anonymous_3)
FNDA:0,(anonymous_4)
FNDA:0,(anonymous_5)
FNDA:0,(anonymous_6)
FNDA:0,(anonymous_7)
FNDA:0,(anonymous_8)
FNDA:0,(anonymous_9)
DA:1,1
DA:2,1
DA:3,1
DA:4,1
DA:5,1
DA:6,1
DA:9,1
DA:11,1
DA:12,0
DA:13,0
DA:14,1
DA:15,0
DA:16,0
DA:18,1
DA:22,1
DA:24,1
DA:26,1
DA:27,1
DA:28,1
DA:29,1
DA:32,1
DA:39,1
DA:40,1
DA:41,1
DA:44,1
DA:45,2
DA:47,2
DA:48,1
DA:51,1
DA:52,1
DA:58,1
DA:59,1
DA:61,0
DA:62,0
DA:64,0
DA:70,1
DA:71,1
DA:73,1
DA:74,1
DA:79,1
DA:82,1
DA:83,1
DA:86,0
DA:87,0
DA:88,0
DA:89,0
DA:91,0
DA:98,1
DA:99,1
DA:101,1
DA:102,1
DA:108,1
DA:109,1
DA:111,0
DA:112,0
DA:113,0
DA:115,0
DA:121,1
DA:122,1
DA:124,1
DA:125,1
DA:130,1
DA:132,0
DA:133,0
DA:138,1
DA:139,0
DA:140,0
DA:141,0
DA:148,0
DA:150,0
DA:151,0
DA:156,1
DA:157,0
DA:158,0
DA:159,0
DA:162,0
DA:165,0
DA:166,0
DA:167,0
DA:170,0
DA:171,0
DA:176,1
DA:177,0
DA:178,0
DA:179,0
DA:182,0
DA:185,0
DA:186,0
DA:191,1
DA:192,0
DA:193,0
DA:194,0
DA:202,0
DA:204,0
DA:205,0
DA:211,1
LF:96
LH:51
BRDA:11,0,0,0
BRDA:11,0,1,1
BRDA:14,1,0,0
BRDA:14,1,1,1
BRDA:26,2,0,1
BRDA:26,2,1,0
BRDA:27,3,0,1
BRDA:27,3,1,0
BRDA:28,4,0,1
BRDA:28,4,1,0
BRDA:29,5,0,1
BRDA:29,5,1,0
BRDA:47,6,0,1
BRDA:47,6,1,1
BRDA:61,7,0,0
BRDA:61,7,1,0
BRDA:62,8,0,0
BRDA:62,8,1,0
BRDA:86,9,0,0
BRDA:86,9,1,0
BRDA:88,10,0,0
BRDA:88,10,1,0
BRDA:112,11,0,0
BRDA:112,11,1,0
BRF:24
BRH:8
end_of_record
