TN:
SF:API_Gateway.js
FN:39,(anonymous_0)
FN:65,(anonymous_1)
FN:93,(anonymous_2)
FN:116,(anonymous_3)
FN:132,(anonymous_4)
FN:150,(anonymous_5)
FN:156,(anonymous_6)
FN:160,(anonymous_7)
FN:170,(anonymous_8)
FN:185,(anonymous_9)
FNF:10
FNH:4
FNDA:2,(anonymous_0)
FNDA:1,(anonymous_1)
FNDA:1,(anonymous_2)
FNDA:1,(anonymous_3)
FNDA:0,(anonymous_4)
FNDA:0,(anonymous_5)
FNDA:0,(anonymous_6)
FNDA:0,(anonymous_7)
FNDA:0,(anonymous_8)
FNDA:0,(anonymous_9)
DA:1,1
DA:2,1
DA:3,1
DA:4,1
DA:5,1
DA:6,1
DA:9,1
DA:11,1
DA:12,0
DA:13,0
DA:14,1
DA:15,0
DA:16,0
DA:18,1
DA:22,1
DA:23,1
DA:24,1
DA:25,1
DA:26,1
DA:28,1
DA:34,1
DA:35,1
DA:36,1
DA:39,1
DA:40,2
DA:42,2
DA:43,1
DA:46,1
DA:47,1
DA:53,1
DA:54,1
DA:56,0
DA:57,0
DA:59,0
DA:65,1
DA:66,1
DA:68,1
DA:69,1
DA:74,1
DA:77,1
DA:78,1
DA:81,0
DA:82,0
DA:83,0
DA:84,0
DA:86,0
DA:93,1
DA:94,1
DA:96,1
DA:97,1
DA:103,1
DA:104,1
DA:106,0
DA:107,0
DA:108,0
DA:110,0
DA:116,1
DA:117,1
DA:119,1
DA:120,1
DA:125,1
DA:127,0
DA:128,0
DA:132,1
DA:133,0
DA:134,0
DA:135,0
DA:142,0
DA:144,0
DA:145,0
DA:150,1
DA:151,0
DA:152,0
DA:153,0
DA:156,0
DA:159,0
DA:160,0
DA:161,0
DA:164,0
DA:165,0
DA:170,1
DA:171,0
DA:172,0
DA:173,0
DA:176,0
DA:179,0
DA:180,0
DA:185,1
DA:186,0
DA:187,0
DA:188,0
DA:196,0
DA:198,0
DA:199,0
DA:203,1
LF:95
LH:50
BRDA:11,0,0,0
BRDA:11,0,1,1
BRDA:14,1,0,0
BRDA:14,1,1,1
BRDA:23,2,0,1
BRDA:23,2,1,0
BRDA:24,3,0,1
BRDA:24,3,1,0
BRDA:25,4,0,1
BRDA:25,4,1,0
BRDA:26,5,0,1
BRDA:26,5,1,0
BRDA:42,6,0,1
BRDA:42,6,1,1
BRDA:56,7,0,0
BRDA:56,7,1,0
BRDA:57,8,0,0
BRDA:57,8,1,0
BRDA:81,9,0,0
BRDA:81,9,1,0
BRDA:83,10,0,0
BRDA:83,10,1,0
BRDA:107,11,0,0
BRDA:107,11,1,0
BRF:24
BRH:8
end_of_record
