<?xml version="1.0" encoding="UTF-8"?>
<coverage generated="1762422043046" clover="3.2.0">
  <project timestamp="1762422043046" name="All files">
    <metrics statements="48" coveredstatements="48" conditionals="30" coveredconditionals="28" methods="6" coveredmethods="6" elements="84" coveredelements="82" complexity="0" loc="48" ncloc="48" packages="1" files="1" classes="1"/>
    <file name="app.js" path="C:\Users\84964\OneDrive\Documents\Năm 4 đại học\Đồ án kỳ\Dev_environment\Deploy-Web-App-Simulation-FintechApp-MOSIM-\transaction-service\app.js">
      <metrics statements="48" coveredstatements="48" conditionals="30" coveredconditionals="28" methods="6" coveredmethods="6"/>
      <line num="2" count="1" type="stmt"/>
      <line num="3" count="1" type="stmt"/>
      <line num="4" count="1" type="stmt"/>
      <line num="5" count="1" type="stmt"/>
      <line num="6" count="1" type="stmt"/>
      <line num="7" count="1" type="stmt"/>
      <line num="9" count="1" type="stmt"/>
      <line num="10" count="1" type="stmt"/>
      <line num="13" count="1" type="stmt"/>
      <line num="19" count="1" type="stmt"/>
      <line num="29" count="4" type="stmt"/>
      <line num="30" count="6" type="stmt"/>
      <line num="31" count="6" type="stmt"/>
      <line num="33" count="3" type="stmt"/>
      <line num="35" count="3" type="cond" truecount="2" falsecount="0"/>
      <line num="37" count="2" type="stmt"/>
      <line num="40" count="1" type="stmt"/>
      <line num="44" count="1" type="stmt"/>
      <line num="47" count="1" type="stmt"/>
      <line num="48" count="5" type="stmt"/>
      <line num="49" count="5" type="cond" truecount="7" falsecount="0"/>
      <line num="50" count="1" type="stmt"/>
      <line num="53" count="4" type="stmt"/>
      <line num="55" count="4" type="stmt"/>
      <line num="59" count="3" type="cond" truecount="4" falsecount="0"/>
      <line num="60" count="1" type="cond" truecount="1" falsecount="1"/>
      <line num="64" count="2" type="stmt"/>
      <line num="65" count="2" type="stmt"/>
      <line num="72" count="1" type="stmt"/>
      <line num="74" count="1" type="stmt"/>
      <line num="77" count="1" type="stmt"/>
      <line num="79" count="1" type="cond" truecount="2" falsecount="1"/>
      <line num="80" count="1" type="cond" truecount="2" falsecount="0"/>
      <line num="81" count="1" type="cond" truecount="2" falsecount="0"/>
      <line num="82" count="1" type="stmt"/>
      <line num="88" count="1" type="stmt"/>
      <line num="89" count="2" type="stmt"/>
      <line num="91" count="2" type="stmt"/>
      <line num="92" count="2" type="stmt"/>
      <line num="109" count="1" type="stmt"/>
      <line num="111" count="1" type="stmt"/>
      <line num="112" count="1" type="stmt"/>
      <line num="118" count="1" type="stmt"/>
      <line num="119" count="2" type="stmt"/>
      <line num="120" count="2" type="stmt"/>
      <line num="121" count="1" type="stmt"/>
      <line num="123" count="1" type="stmt"/>
      <line num="128" count="1" type="stmt"/>
    </file>
  </project>
</coverage>
