{"C:\\Users\\84964\\OneDrive\\Documents\\Năm 4 đại học\\Đồ án kỳ\\Dev_environment\\Deploy-Web-App-Simulation-FintechApp-MOSIM-\\transaction-service\\app.js": {"path":"C:\\Users\\84964\\OneDrive\\Documents\\Năm 4 đại học\\Đồ án kỳ\\Dev_environment\\Deploy-Web-App-Simulation-FintechApp-MOSIM-\\transaction-service\\app.js","statementMap":{"0":{"start":{"line":2,"column":0},"end":{"line":2,"column":27}},"1":{"start":{"line":3,"column":16},"end":{"line":3,"column":34}},"2":{"start":{"line":4,"column":14},"end":{"line":4,"column":30}},"3":{"start":{"line":5,"column":13},"end":{"line":5,"column":28}},"4":{"start":{"line":6,"column":14},"end":{"line":6,"column":30}},"5":{"start":{"line":7,"column":17},"end":{"line":7,"column":30}},"6":{"start":{"line":9,"column":12},"end":{"line":9,"column":21}},"7":{"start":{"line":10,"column":0},"end":{"line":10,"column":24}},"8":{"start":{"line":13,"column":13},"end":{"line":16,"column":2}},"9":{"start":{"line":19,"column":22},"end":{"line":24,"column":2}},"10":{"start":{"line":29,"column":2},"end":{"line":39,"column":3}},"11":{"start":{"line":29,"column":15},"end":{"line":29,"column":16}},"12":{"start":{"line":30,"column":4},"end":{"line":38,"column":5}},"13":{"start":{"line":31,"column":6},"end":{"line":31,"column":49}},"14":{"start":{"line":33,"column":6},"end":{"line":33,"column":20}},"15":{"start":{"line":35,"column":6},"end":{"line":35,"column":35}},"16":{"start":{"line":35,"column":29},"end":{"line":35,"column":35}},"17":{"start":{"line":37,"column":6},"end":{"line":37,"column":63}},"18":{"start":{"line":37,"column":29},"end":{"line":37,"column":61}},"19":{"start":{"line":40,"column":2},"end":{"line":40,"column":16}},"20":{"start":{"line":44,"column":0},"end":{"line":44,"column":124}},"21":{"start":{"line":44,"column":34},"end":{"line":44,"column":122}},"22":{"start":{"line":47,"column":0},"end":{"line":84,"column":3}},"23":{"start":{"line":48,"column":99},"end":{"line":48,"column":107}},"24":{"start":{"line":49,"column":2},"end":{"line":51,"column":3}},"25":{"start":{"line":50,"column":4},"end":{"line":50,"column":78}},"26":{"start":{"line":53,"column":2},"end":{"line":83,"column":3}},"27":{"start":{"line":55,"column":23},"end":{"line":57,"column":6}},"28":{"start":{"line":59,"column":4},"end":{"line":61,"column":5}},"29":{"start":{"line":60,"column":6},"end":{"line":60,"column":116}},"30":{"start":{"line":64,"column":4},"end":{"line":75,"column":5}},"31":{"start":{"line":65,"column":6},"end":{"line":68,"column":8}},"32":{"start":{"line":72,"column":6},"end":{"line":72,"column":86}},"33":{"start":{"line":74,"column":6},"end":{"line":74,"column":109}},"34":{"start":{"line":77,"column":4},"end":{"line":77,"column":100}},"35":{"start":{"line":79,"column":4},"end":{"line":79,"column":102}},"36":{"start":{"line":80,"column":19},"end":{"line":80,"column":47}},"37":{"start":{"line":81,"column":20},"end":{"line":81,"column":82}},"38":{"start":{"line":82,"column":4},"end":{"line":82,"column":64}},"39":{"start":{"line":88,"column":0},"end":{"line":114,"column":3}},"40":{"start":{"line":89,"column":27},"end":{"line":89,"column":35}},"41":{"start":{"line":91,"column":2},"end":{"line":113,"column":3}},"42":{"start":{"line":92,"column":19},"end":{"line":107,"column":22}},"43":{"start":{"line":109,"column":4},"end":{"line":109,"column":26}},"44":{"start":{"line":111,"column":4},"end":{"line":111,"column":59}},"45":{"start":{"line":112,"column":4},"end":{"line":112,"column":78}},"46":{"start":{"line":118,"column":0},"end":{"line":125,"column":3}},"47":{"start":{"line":119,"column":2},"end":{"line":124,"column":3}},"48":{"start":{"line":120,"column":19},"end":{"line":120,"column":51}},"49":{"start":{"line":121,"column":4},"end":{"line":121,"column":29}},"50":{"start":{"line":123,"column":4},"end":{"line":123,"column":62}},"51":{"start":{"line":128,"column":0},"end":{"line":128,"column":21}}},"fnMap":{"0":{"name":"safePost","decl":{"start":{"line":27,"column":15},"end":{"line":27,"column":23}},"loc":{"start":{"line":27,"column":63},"end":{"line":41,"column":1}},"line":27},"1":{"name":"(anonymous_1)","decl":{"start":{"line":37,"column":24},"end":{"line":37,"column":25}},"loc":{"start":{"line":37,"column":29},"end":{"line":37,"column":61}},"line":37},"2":{"name":"(anonymous_2)","decl":{"start":{"line":44,"column":20},"end":{"line":44,"column":21}},"loc":{"start":{"line":44,"column":34},"end":{"line":44,"column":122}},"line":44},"3":{"name":"(anonymous_3)","decl":{"start":{"line":47,"column":22},"end":{"line":47,"column":23}},"loc":{"start":{"line":47,"column":42},"end":{"line":84,"column":1}},"line":47},"4":{"name":"(anonymous_4)","decl":{"start":{"line":88,"column":37},"end":{"line":88,"column":38}},"loc":{"start":{"line":88,"column":57},"end":{"line":114,"column":1}},"line":88},"5":{"name":"(anonymous_5)","decl":{"start":{"line":118,"column":20},"end":{"line":118,"column":21}},"loc":{"start":{"line":118,"column":40},"end":{"line":125,"column":1}},"line":118}},"branchMap":{"0":{"loc":{"start":{"line":15,"column":16},"end":{"line":15,"column":47}},"type":"binary-expr","locations":[{"start":{"line":15,"column":16},"end":{"line":15,"column":39}},{"start":{"line":15,"column":43},"end":{"line":15,"column":47}}],"line":15},"1":{"loc":{"start":{"line":20,"column":11},"end":{"line":20,"column":73}},"type":"binary-expr","locations":[{"start":{"line":20,"column":11},"end":{"line":20,"column":41}},{"start":{"line":20,"column":45},"end":{"line":20,"column":73}}],"line":20},"2":{"loc":{"start":{"line":27,"column":35},"end":{"line":27,"column":46}},"type":"default-arg","locations":[{"start":{"line":27,"column":45},"end":{"line":27,"column":46}}],"line":27},"3":{"loc":{"start":{"line":27,"column":48},"end":{"line":27,"column":61}},"type":"default-arg","locations":[{"start":{"line":27,"column":58},"end":{"line":27,"column":61}}],"line":27},"4":{"loc":{"start":{"line":35,"column":6},"end":{"line":35,"column":35}},"type":"if","locations":[{"start":{"line":35,"column":6},"end":{"line":35,"column":35}},{"start":{},"end":{}}],"line":35},"5":{"loc":{"start":{"line":49,"column":2},"end":{"line":51,"column":3}},"type":"if","locations":[{"start":{"line":49,"column":2},"end":{"line":51,"column":3}},{"start":{},"end":{}}],"line":49},"6":{"loc":{"start":{"line":49,"column":6},"end":{"line":49,"column":81}},"type":"binary-expr","locations":[{"start":{"line":49,"column":6},"end":{"line":49,"column":16}},{"start":{"line":49,"column":20},"end":{"line":49,"column":28}},{"start":{"line":49,"column":32},"end":{"line":49,"column":50}},{"start":{"line":49,"column":54},"end":{"line":49,"column":70}},{"start":{"line":49,"column":74},"end":{"line":49,"column":81}}],"line":49},"7":{"loc":{"start":{"line":59,"column":4},"end":{"line":61,"column":5}},"type":"if","locations":[{"start":{"line":59,"column":4},"end":{"line":61,"column":5}},{"start":{},"end":{}}],"line":59},"8":{"loc":{"start":{"line":59,"column":8},"end":{"line":59,"column":52}},"type":"binary-expr","locations":[{"start":{"line":59,"column":8},"end":{"line":59,"column":24}},{"start":{"line":59,"column":28},"end":{"line":59,"column":52}}],"line":59},"9":{"loc":{"start":{"line":60,"column":61},"end":{"line":60,"column":112}},"type":"binary-expr","locations":[{"start":{"line":60,"column":61},"end":{"line":60,"column":85}},{"start":{"line":60,"column":89},"end":{"line":60,"column":112}}],"line":60},"10":{"loc":{"start":{"line":67,"column":73},"end":{"line":67,"column":107}},"type":"binary-expr","locations":[{"start":{"line":67,"column":73},"end":{"line":67,"column":93}},{"start":{"line":67,"column":97},"end":{"line":67,"column":107}}],"line":67},"11":{"loc":{"start":{"line":79,"column":59},"end":{"line":79,"column":100}},"type":"binary-expr","locations":[{"start":{"line":79,"column":59},"end":{"line":79,"column":78}},{"start":{"line":79,"column":82},"end":{"line":79,"column":93}},{"start":{"line":79,"column":97},"end":{"line":79,"column":100}}],"line":79},"12":{"loc":{"start":{"line":80,"column":19},"end":{"line":80,"column":47}},"type":"binary-expr","locations":[{"start":{"line":80,"column":19},"end":{"line":80,"column":40}},{"start":{"line":80,"column":44},"end":{"line":80,"column":47}}],"line":80},"13":{"loc":{"start":{"line":81,"column":20},"end":{"line":81,"column":82}},"type":"binary-expr","locations":[{"start":{"line":81,"column":20},"end":{"line":81,"column":48}},{"start":{"line":81,"column":52},"end":{"line":81,"column":82}}],"line":81}},"s":{"0":1,"1":1,"2":1,"3":1,"4":1,"5":1,"6":1,"7":1,"8":1,"9":1,"10":4,"11":4,"12":6,"13":6,"14":3,"15":3,"16":1,"17":2,"18":2,"19":1,"20":1,"21":1,"22":1,"23":5,"24":5,"25":1,"26":4,"27":4,"28":3,"29":1,"30":2,"31":2,"32":1,"33":1,"34":1,"35":1,"36":1,"37":1,"38":1,"39":1,"40":2,"41":2,"42":2,"43":1,"44":1,"45":1,"46":1,"47":2,"48":2,"49":1,"50":1,"51":1},"f":{"0":4,"1":2,"2":1,"3":5,"4":2,"5":2},"b":{"0":[1,1],"1":[1,1],"2":[4],"3":[4],"4":[1,2],"5":[1,4],"6":[5,5,4,4,4],"7":[1,2],"8":[3,3],"9":[1,0],"10":[2,2],"11":[1,1,0],"12":[1,1],"13":[1,1]},"_coverageSchema":"1a1c01bbd47fc00a2c39e90264f33305004495a9","hash":"e6d0180736d1c9dc29aa8f5c168734e78417b577"}
}
