{"C:\\Users\\84964\\OneDrive\\Documents\\Năm 4 đại học\\Đồ án kỳ\\Dev_environment\\Deploy-Web-App-Simulation-FintechApp-MOSIM-\\transaction-service\\app.js": {"path":"C:\\Users\\84964\\OneDrive\\Documents\\Năm 4 đại học\\Đồ án kỳ\\Dev_environment\\Deploy-Web-App-Simulation-FintechApp-MOSIM-\\transaction-service\\app.js","statementMap":{"0":{"start":{"line":2,"column":16},"end":{"line":2,"column":34}},"1":{"start":{"line":3,"column":14},"end":{"line":3,"column":30}},"2":{"start":{"line":4,"column":13},"end":{"line":4,"column":28}},"3":{"start":{"line":5,"column":12},"end":{"line":5,"column":21}},"4":{"start":{"line":6,"column":13},"end":{"line":6,"column":28}},"5":{"start":{"line":9,"column":0},"end":{"line":9,"column":77}},"6":{"start":{"line":11,"column":0},"end":{"line":11,"column":24}},"7":{"start":{"line":15,"column":0},"end":{"line":21,"column":3}},"8":{"start":{"line":16,"column":2},"end":{"line":20,"column":5}},"9":{"start":{"line":27,"column":27},"end":{"line":27,"column":89}},"10":{"start":{"line":31,"column":0},"end":{"line":106,"column":3}},"11":{"start":{"line":32,"column":99},"end":{"line":32,"column":107}},"12":{"start":{"line":33,"column":2},"end":{"line":105,"column":3}},"13":{"start":{"line":35,"column":23},"end":{"line":39,"column":6}},"14":{"start":{"line":41,"column":4},"end":{"line":43,"column":5}},"15":{"start":{"line":42,"column":6},"end":{"line":42,"column":95}},"16":{"start":{"line":46,"column":22},"end":{"line":50,"column":6}},"17":{"start":{"line":52,"column":4},"end":{"line":54,"column":5}},"18":{"start":{"line":53,"column":6},"end":{"line":53,"column":92}},"19":{"start":{"line":57,"column":19},"end":{"line":61,"column":6}},"20":{"start":{"line":63,"column":4},"end":{"line":72,"column":5}},"21":{"start":{"line":65,"column":6},"end":{"line":69,"column":9}},"22":{"start":{"line":71,"column":6},"end":{"line":71,"column":111}},"23":{"start":{"line":75,"column":4},"end":{"line":98,"column":5}},"24":{"start":{"line":76,"column":6},"end":{"line":79,"column":8}},"25":{"start":{"line":83,"column":6},"end":{"line":87,"column":9}},"26":{"start":{"line":90,"column":6},"end":{"line":94,"column":9}},"27":{"start":{"line":96,"column":6},"end":{"line":96,"column":59}},"28":{"start":{"line":97,"column":6},"end":{"line":97,"column":104}},"29":{"start":{"line":100,"column":4},"end":{"line":100,"column":75}},"30":{"start":{"line":103,"column":4},"end":{"line":103,"column":62}},"31":{"start":{"line":104,"column":4},"end":{"line":104,"column":76}},"32":{"start":{"line":109,"column":0},"end":{"line":135,"column":3}},"33":{"start":{"line":110,"column":27},"end":{"line":110,"column":35}},"34":{"start":{"line":112,"column":2},"end":{"line":134,"column":3}},"35":{"start":{"line":113,"column":19},"end":{"line":128,"column":22}},"36":{"start":{"line":130,"column":4},"end":{"line":130,"column":26}},"37":{"start":{"line":132,"column":4},"end":{"line":132,"column":59}},"38":{"start":{"line":133,"column":4},"end":{"line":133,"column":78}},"39":{"start":{"line":139,"column":0},"end":{"line":146,"column":3}},"40":{"start":{"line":140,"column":2},"end":{"line":145,"column":3}},"41":{"start":{"line":141,"column":19},"end":{"line":141,"column":51}},"42":{"start":{"line":142,"column":4},"end":{"line":142,"column":29}},"43":{"start":{"line":144,"column":4},"end":{"line":144,"column":62}},"44":{"start":{"line":149,"column":0},"end":{"line":149,"column":21}}},"fnMap":{"0":{"name":"(anonymous_0)","decl":{"start":{"line":15,"column":20},"end":{"line":15,"column":21}},"loc":{"start":{"line":15,"column":34},"end":{"line":21,"column":1}},"line":15},"1":{"name":"(anonymous_1)","decl":{"start":{"line":31,"column":22},"end":{"line":31,"column":23}},"loc":{"start":{"line":31,"column":42},"end":{"line":106,"column":1}},"line":31},"2":{"name":"(anonymous_2)","decl":{"start":{"line":109,"column":37},"end":{"line":109,"column":38}},"loc":{"start":{"line":109,"column":57},"end":{"line":135,"column":1}},"line":109},"3":{"name":"(anonymous_3)","decl":{"start":{"line":139,"column":20},"end":{"line":139,"column":21}},"loc":{"start":{"line":139,"column":40},"end":{"line":146,"column":1}},"line":139}},"branchMap":{"0":{"loc":{"start":{"line":27,"column":27},"end":{"line":27,"column":89}},"type":"binary-expr","locations":[{"start":{"line":27,"column":27},"end":{"line":27,"column":57}},{"start":{"line":27,"column":61},"end":{"line":27,"column":89}}],"line":27},"1":{"loc":{"start":{"line":41,"column":4},"end":{"line":43,"column":5}},"type":"if","locations":[{"start":{"line":41,"column":4},"end":{"line":43,"column":5}},{"start":{},"end":{}}],"line":41},"2":{"loc":{"start":{"line":52,"column":4},"end":{"line":54,"column":5}},"type":"if","locations":[{"start":{"line":52,"column":4},"end":{"line":54,"column":5}},{"start":{},"end":{}}],"line":52},"3":{"loc":{"start":{"line":63,"column":4},"end":{"line":72,"column":5}},"type":"if","locations":[{"start":{"line":63,"column":4},"end":{"line":72,"column":5}},{"start":{},"end":{}}],"line":63}},"s":{"0":1,"1":1,"2":1,"3":1,"4":1,"5":1,"6":1,"7":1,"8":0,"9":1,"10":1,"11":3,"12":3,"13":3,"14":3,"15":1,"16":2,"17":2,"18":0,"19":2,"20":2,"21":1,"22":1,"23":1,"24":1,"25":0,"26":0,"27":0,"28":0,"29":1,"30":0,"31":0,"32":1,"33":1,"34":1,"35":1,"36":1,"37":0,"38":0,"39":1,"40":2,"41":2,"42":1,"43":1,"44":1},"f":{"0":0,"1":3,"2":1,"3":2},"b":{"0":[1,1],"1":[1,2],"2":[0,2],"3":[1,1]},"_coverageSchema":"1a1c01bbd47fc00a2c39e90264f33305004495a9","hash":"20b51d855fe5f18dda298820d077637a41f593c1"}
,"C:\\Users\\84964\\OneDrive\\Documents\\Năm 4 đại học\\Đồ án kỳ\\Dev_environment\\Deploy-Web-App-Simulation-FintechApp-MOSIM-\\transaction-service\\db.js": {"path":"C:\\Users\\84964\\OneDrive\\Documents\\Năm 4 đại học\\Đồ án kỳ\\Dev_environment\\Deploy-Web-App-Simulation-FintechApp-MOSIM-\\transaction-service\\db.js","statementMap":{"0":{"start":{"line":1,"column":17},"end":{"line":1,"column":30}},"1":{"start":{"line":2,"column":0},"end":{"line":2,"column":27}},"2":{"start":{"line":4,"column":13},"end":{"line":13,"column":2}},"3":{"start":{"line":16,"column":0},"end":{"line":16,"column":22}}},"fnMap":{},"branchMap":{},"s":{"0":1,"1":1,"2":1,"3":1},"f":{},"b":{},"_coverageSchema":"1a1c01bbd47fc00a2c39e90264f33305004495a9","hash":"210e605153c706f0ab5cf5b8ed1564512ca79f29"}
}
