TN:
SF:app.js
FN:27,safePost
FN:37,(anonymous_1)
FN:44,(anonymous_2)
FN:47,(anonymous_3)
FN:88,(anonymous_4)
FN:118,(anonymous_5)
FNF:6
FNH:6
FNDA:4,safePost
FNDA:2,(anonymous_1)
FNDA:1,(anonymous_2)
FNDA:5,(anonymous_3)
FNDA:2,(anonymous_4)
FNDA:2,(anonymous_5)
DA:2,1
DA:3,1
DA:4,1
DA:5,1
DA:6,1
DA:7,1
DA:9,1
DA:10,1
DA:13,1
DA:19,1
DA:29,4
DA:30,6
DA:31,6
DA:33,3
DA:35,3
DA:37,2
DA:40,1
DA:44,1
DA:47,1
DA:48,5
DA:49,5
DA:50,1
DA:53,4
DA:55,4
DA:59,3
DA:60,1
DA:64,2
DA:65,2
DA:72,1
DA:74,1
DA:77,1
DA:79,1
DA:80,1
DA:81,1
DA:82,1
DA:88,1
DA:89,2
DA:91,2
DA:92,2
DA:109,1
DA:111,1
DA:112,1
DA:118,1
DA:119,2
DA:120,2
DA:121,1
DA:123,1
DA:128,1
LF:48
LH:48
BRDA:15,0,0,1
BRDA:15,0,1,1
BRDA:20,1,0,1
BRDA:20,1,1,1
BRDA:27,2,0,4
BRDA:27,3,0,4
BRDA:35,4,0,1
BRDA:35,4,1,2
BRDA:49,5,0,1
BRDA:49,5,1,4
BRDA:49,6,0,5
BRDA:49,6,1,5
BRDA:49,6,2,4
BRDA:49,6,3,4
BRDA:49,6,4,4
BRDA:59,7,0,1
BRDA:59,7,1,2
BRDA:59,8,0,3
BRDA:59,8,1,3
BRDA:60,9,0,1
BRDA:60,9,1,0
BRDA:67,10,0,2
BRDA:67,10,1,2
BRDA:79,11,0,1
BRDA:79,11,1,1
BRDA:79,11,2,0
BRDA:80,12,0,1
BRDA:80,12,1,1
BRDA:81,13,0,1
BRDA:81,13,1,1
BRF:30
BRH:28
end_of_record
