TN:
SF:app.js
FN:18,(anonymous_0)
FN:96,(anonymous_1)
FN:126,(anonymous_2)
FNF:3
FNH:3
FNDA:3,(anonymous_0)
FNDA:1,(anonymous_1)
FNDA:2,(anonymous_2)
DA:1,1
DA:2,1
DA:3,1
DA:4,1
DA:5,1
DA:8,1
DA:10,1
DA:14,1
DA:18,1
DA:19,3
DA:20,3
DA:22,3
DA:28,3
DA:29,1
DA:33,2
DA:39,2
DA:40,0
DA:44,2
DA:50,2
DA:52,1
DA:58,1
DA:62,1
DA:63,1
DA:70,0
DA:77,0
DA:83,0
DA:84,0
DA:87,1
DA:90,0
DA:91,0
DA:96,1
DA:97,1
DA:99,1
DA:100,1
DA:117,1
DA:119,0
DA:120,0
DA:126,1
DA:127,2
DA:128,2
DA:129,1
DA:131,1
DA:135,1
LF:43
LH:34
BRDA:14,0,0,1
BRDA:14,0,1,1
BRDA:28,1,0,1
BRDA:28,1,1,2
BRDA:39,2,0,0
BRDA:39,2,1,2
BRDA:50,3,0,1
BRDA:50,3,1,1
BRF:8
BRH:7
end_of_record
TN:
SF:db.js
FNF:0
FNH:0
DA:1,1
DA:2,1
DA:4,1
DA:15,1
LF:4
LH:4
BRF:0
BRH:0
end_of_record
